ln -sf ../../ref-common/cpucycles.c  cpucycles.c
ln -sf ../../ref-common/cpucycles.h  cpucycles.h
ln -sf ../../ref-common/crypto_hash_sha3256.h  crypto_hash_sha3256.h
ln -sf ../../ref-common/crypto_sort_int32.h  crypto_sort_int32.h
ln -sf ../../ref-common/crypto_sort_int32.c  crypto_sort_int32.c
ln -sf ../../ref-common/fips202.c  fips202.c
ln -sf ../../ref-common/fips202.h  fips202.h
ln -sf ../../ref-common/kem.c  kem.c
ln -sf ../../ref-common/kem.h  kem.h
ln -sf ../../ref-common/owcpa.c  owcpa.c
ln -sf ../../ref-common/owcpa.h  owcpa.h
ln -sf ../../ref-common/pack3.c  pack3.c
ln -sf ../../ref-common/pack4096.c  packq.c
ln -sf ../../ref-common/poly.c  poly.c
ln -sf ../../ref-common/poly.h  poly.h
ln -sf ../../ref-common/poly_r2_inv.c  poly_r2_inv.c
ln -sf ../../ref-common/poly_s3_inv.c  poly_s3_inv.c
ln -sf ../../ref-common/poly_lift.c  poly_lift.c
ln -sf ../../ref-common/poly_rq_mul.c  poly_rq_mul.c
ln -sf ../../ref-common/PQCgenKAT_kem.c  PQCgenKAT_kem.c
ln -sf ../../ref-common/randombytes.c  randombytes.c
ln -sf ../../ref-common/randombytes.h  randombytes.h
ln -sf ../../ref-common/rng.c  rng.c
ln -sf ../../ref-common/rng.h  rng.h
ln -sf ../../ref-common/sample.c  sample.c
ln -sf ../../ref-common/sample_iid.c  sample_iid.c
ln -sf ../../ref-common/sample.h  sample.h
ln -sf ../../ref-common/verify.c  verify.c
ln -sf ../../ref-common/verify.h  verify.h

ln -sf ../../ref-hps4096821/api.h api.h
ln -sf ../../ref-hps4096821/params.h params.h
ln -sf ../../ref-hps4096821/api_bytes.h api_bytes.h


